<?xml version="1.0" encoding="UTF-8"?>
<robot generator="Robot 3.0.2 (Python 3.6.1 on win32)" generated="20170523 14:58:47.943">
<suite id="s1" name="Test Storage" source="C:\TEMP\Wapice\test-prestudy\code\tests\test_storage.txt">
<test id="s1-t1" name="My Test case">
<kw name="Write Storage Point Value" library="StorageLibrary">
<arguments>
<arg>0</arg>
<arg>${arg_value}</arg>
</arguments>
<status status="PASS" starttime="20170523 14:58:49.023" endtime="20170523 14:58:50.042"></status>
</kw>
<kw name="Read Storage Point Value" library="StorageLibrary">
<arguments>
<arg>0</arg>
</arguments>
<assign>
<var>${V1}</var>
</assign>
<msg timestamp="20170523 14:58:50.050" level="INFO">${V1} = 1000</msg>
<status status="PASS" starttime="20170523 14:58:50.044" endtime="20170523 14:58:50.050"></status>
</kw>
<kw name="Should Be Equal" library="BuiltIn">
<doc>Fails if the given objects are unequal.</doc>
<arguments>
<arg>${V1}</arg>
<arg>${arg_value}</arg>
</arguments>
<msg timestamp="20170523 14:58:50.053" level="FAIL">1000 != 2000</msg>
<status status="FAIL" starttime="20170523 14:58:50.052" endtime="20170523 14:58:50.053"></status>
</kw>
<status status="FAIL" starttime="20170523 14:58:49.022" endtime="20170523 14:58:50.054" critical="yes">1000 != 2000</status>
</test>
<test id="s1-t2" name="Test write and read">
<kw name="Verify Write And Read" library="StorageLibrary">
<arguments>
<arg>1</arg>
<arg>new value</arg>
</arguments>
<msg timestamp="20170523 14:58:51.060" level="FAIL">write read failed</msg>
<status status="FAIL" starttime="20170523 14:58:50.057" endtime="20170523 14:58:51.060"></status>
</kw>
<status status="FAIL" starttime="20170523 14:58:50.056" endtime="20170523 14:58:51.063" critical="yes">write read failed</status>
</test>
<test id="s1-t3" name="Test read not exisiting storage value">
<kw name="Run Keyword And Expect Error" library="BuiltIn">
<doc>Runs the keyword and checks that the expected error occurred.</doc>
<arguments>
<arg>Storage point does not exists</arg>
<arg>read storage point value</arg>
<arg>100</arg>
</arguments>
<kw name="Read Storage Point Value" library="StorageLibrary">
<arguments>
<arg>100</arg>
</arguments>
<msg timestamp="20170523 14:59:56.753" level="FAIL">ConnectionResetError: [WinError 10054] An existing connection was forcibly closed by the remote host</msg>
<status status="FAIL" starttime="20170523 14:58:51.067" endtime="20170523 14:59:56.753"></status>
</kw>
<msg timestamp="20170523 14:59:56.754" level="FAIL">Expected error 'Storage point does not exists' but got 'ConnectionResetError: [WinError 10054] An existing connection was forcibly closed by the remote host'.</msg>
<status status="FAIL" starttime="20170523 14:58:51.067" endtime="20170523 14:59:56.755"></status>
</kw>
<status status="FAIL" starttime="20170523 14:58:51.065" endtime="20170523 14:59:56.756" critical="yes">Expected error 'Storage point does not exists' but got 'ConnectionResetError: [WinError 10054] An existing connection was forcibly closed by the remote host'.</status>
</test>
<status status="FAIL" starttime="20170523 14:58:47.949" endtime="20170523 14:59:56.760"></status>
</suite>
<statistics>
<total>
<stat pass="0" fail="3">Critical Tests</stat>
<stat pass="0" fail="3">All Tests</stat>
</total>
<tag>
</tag>
<suite>
<stat pass="0" fail="3" id="s1" name="Test Storage">Test Storage</stat>
</suite>
</statistics>
<errors>
</errors>
</robot>
